%!Adobe-FontList 1.16
%Locale:0x409

%BeginFont
Handler:DirectoryHandler
FontType:Type1
FontName:AdobeHebrew-Regular
FamilyName:Adobe Hebrew
StyleName:Regular
FullName:Adobe Hebrew Regular
MenuName:Adobe Hebrew
StyleBits:0
FamilyNameNative:
StyleNameNative:Regular
FullNameNative:
WritingScript:Hebrew
OutlineFileName:C:\MyPrograms\Interactive Project Book\InteractiveTelevisionBook Folder\Document fonts\AdobeHebrew-Regular.otf
DataFormat:sfntData
UsesStandardEncoding:yes
isCFF:yes
FileLength:73124
FileModTime:1361524486
WeightClass:400
WidthClass:5
AngleClass:0
NameArray:0,Mac,18,Adobe Hebrew
NameArray:0,Mac,4,Adobe Hebrew Regular
NameArray:0,Win,1,Adobe Hebrew
%EndFont

%BeginFont
Handler:DirectoryHandler
FontType:TrueType
FontName:ArialMT
FamilyName:Arial
StyleName:Regular
FullName:Arial
MenuName:Arial
StyleBits:0
WritingScript:Roman
OutlineFileName:C:\MyPrograms\Interactive Project Book\InteractiveTelevisionBook Folder\Document fonts\ARIAL_0.TTF
DataFormat:sfntData
FileLength:772192
FileModTime:1470011714
WeightClass:400
WidthClass:5
AngleClass:0
NameArray:0,Mac,4,Arial
NameArray:0,Win,1,Arial
%EndFont

%BeginFont
Handler:DirectoryHandler
FontType:TrueType
FontName:FbAdrenalin-Regular
FamilyName:FbAdrenalin
StyleName:Regular
FullName:FbAdrenalin Regular
MenuName:FbAdrenalin
StyleBits:0
FamilyNameNative:
StyleNameNative:Regular
FullNameNative:
WritingScript:Hebrew
OutlineFileName:C:\MyPrograms\Interactive Project Book\InteractiveTelevisionBook Folder\Document fonts\FbAdrenalin-Regular_0.otf
DataFormat:sfntData
FileLength:63216
FileModTime:1470011716
WeightClass:400
WidthClass:5
AngleClass:0
NameArray:0,Mac,4,FbAdrenalin Regular
NameArray:0,Win,1,FbAdrenalin
NameArray:0,Win,16,FbAdrenalin
%EndFont

%BeginFont
Handler:DirectoryHandler
FontType:TrueType
FontName:Hachaluzim-Medium
FamilyName:Hachaluzim
StyleName:Medium
FullName:Hachaluzim-Medium
MenuName:Hachaluzim Medium
StyleBits:0
FamilyNameNative:
StyleNameNative:Medium
FullNameNative:
WritingScript:Hebrew
OutlineFileName:C:\MyPrograms\Interactive Project Book\InteractiveTelevisionBook Folder\Document fonts\Hachaluzim-Medium_0.ttf
DataFormat:sfntData
FileLength:35676
FileModTime:1470011720
WeightClass:400
WidthClass:5
AngleClass:0
NameArray:0,Mac,4,Hachaluzim Medium
NameArray:0,Win,1,Hachaluzim Medium
NameArray:0,Win,16,Hachaluzim
%EndFont

%BeginFont
Handler:DirectoryHandler
FontType:TrueType
FontName:Hachaluzim-Regular
FamilyName:Hachaluzim
StyleName:Regular
FullName:Hachaluzim-Regular
MenuName:Hachaluzim Regular
StyleBits:0
FamilyNameNative:
StyleNameNative:Regular
FullNameNative:
WritingScript:Hebrew
OutlineFileName:C:\MyPrograms\Interactive Project Book\InteractiveTelevisionBook Folder\Document fonts\Hachaluzim-Regular_0.ttf
DataFormat:sfntData
FileLength:35604
FileModTime:1470011722
WeightClass:400
WidthClass:5
AngleClass:0
NameArray:0,Mac,4,Hachaluzim Regular
NameArray:0,Win,1,Hachaluzim Regular
NameArray:0,Win,16,Hachaluzim
%EndFont

%BeginFont
Handler:DirectoryHandler
FontType:TrueType
FontName:HaHaluzim
FamilyName:HaHaluzim
StyleName:Regular
FullName:HaHaluzim
MenuName:HaHaluzim
StyleBits:0
FamilyNameNative:
StyleNameNative:Regular
FullNameNative:
WritingScript:Hebrew
OutlineFileName:C:\MyPrograms\Interactive Project Book\InteractiveTelevisionBook Folder\Document fonts\Hachaluzim.ttf
DataFormat:sfntData
FileLength:22984
FileModTime:1470011722
WeightClass:400
WidthClass:5
AngleClass:0
NameArray:0,Mac,4,HaHaluzim
NameArray:0,Win,1,HaHaluzim
%EndFont

%BeginFont
Handler:DirectoryHandler
FontType:Type1
FontName:MinionPro-Regular
FamilyName:Minion Pro
StyleName:Regular
FullName:Minion Pro
MenuName:Minion Pro
StyleBits:0
WritingScript:Roman
OutlineFileName:C:\MyPrograms\Interactive Project Book\InteractiveTelevisionBook Folder\Document fonts\MinionPro-Regular.otf
DataFormat:sfntData
UsesStandardEncoding:yes
isCFF:yes
FileLength:218640
FileModTime:1361524580
WeightClass:400
WidthClass:5
AngleClass:0
DesignSize:110
NameArray:0,Mac,4,Minion Pro
NameArray:0,Win,1,Minion Pro
%EndFont

%BeginFont
Handler:DirectoryHandler
FontType:TrueType
FontName:TimesNewRomanPS-BoldMT
FamilyName:Times New Roman
StyleName:Bold
FullName:Times New Roman Bold
MenuName:Times New Roman
StyleBits:2
WritingScript:Roman
OutlineFileName:C:\MyPrograms\Interactive Project Book\InteractiveTelevisionBook Folder\Document fonts\timesbd.ttf
DataFormat:sfntData
FileLength:1093096
FileModTime:1468665727
WeightClass:700
WidthClass:5
AngleClass:0
NameArray:0,Mac,4,Times New Roman Bold
NameArray:0,Win,1,Times New Roman
%EndFont

